#
# There is insufficient memory for the Java Runtime Environment to continue.
# Native memory allocation (malloc) failed to allocate 1048576 bytes. Error detail: AllocateHeap
# Possible reasons:
#   The system is out of physical RAM or swap space
#   This process is running with CompressedOops enabled, and the Java Heap may be blocking the growth of the native heap
# Possible solutions:
#   Reduce memory load on the system
#   Increase physical memory or swap space
#   Check if swap backing store is full
#   Decrease Java heap size (-Xmx/-Xms)
#   Decrease number of Java threads
#   Decrease Java thread stack sizes (-Xss)
#   Set larger code cache with -XX:ReservedCodeCacheSize=
#   JVM is running with Unscaled Compressed Oops mode in which the Java heap is
#     placed in the first 4GB address space. The Java Heap base address is the
#     maximum limit for the native heap growth. Please use -XX:HeapBaseMinAddress
#     to set the Java Heap base and to place the Java Heap above 4GB virtual address.
# This output file may be truncated or incomplete.
#
#  Out of Memory Error (allocation.cpp:44), pid=2856, tid=16348
#
# JRE version: OpenJDK Runtime Environment Temurin-21.0.8+9 (21.0.8+9) (build 21.0.8+9-LTS)
# Java VM: OpenJDK 64-Bit Server VM Temurin-21.0.8+9 (21.0.8+9-LTS, mixed mode, sharing, tiered, compressed oops, compressed class ptrs, parallel gc, windows-amd64)
# No core dump will be written. Minidumps are not enabled by default on client versions of Windows
#

---------------  S U M M A R Y ------------

Command Line: --add-modules=ALL-SYSTEM --add-opens=java.base/java.util=ALL-UNNAMED --add-opens=java.base/java.lang=ALL-UNNAMED --add-opens=java.base/sun.nio.fs=ALL-UNNAMED -Declipse.application=org.eclipse.jdt.ls.core.id1 -Dosgi.bundles.defaultStartLevel=4 -Declipse.product=org.eclipse.jdt.ls.core.product -Djava.import.generatesMetadataFilesAtProjectRoot=false -DDetectVMInstallationsJob.disabled=true -Dfile.encoding=utf8 -XX:+UseParallelGC -XX:GCTimeRatio=4 -XX:AdaptiveSizePolicyWeight=90 -Dsun.zip.disableMemoryMapping=true -Xmx2G -Xms100m -Xlog:disable -javaagent:c:\Users\HP\.vscode\extensions\redhat.java-1.45.0-win32-x64\lombok\lombok-1.18.39-4050.jar -XX:+HeapDumpOnOutOfMemoryError -XX:HeapDumpPath=c:\Users\HP\AppData\Roaming\Code\User\workspaceStorage\5141850592f272b8a8738f944c93e531\redhat.java -Daether.dependencyCollector.impl=bf c:\Users\HP\.vscode\extensions\redhat.java-1.45.0-win32-x64\server\plugins\org.eclipse.equinox.launcher_1.7.0.v20250519-0528.jar -configuration c:\Users\HP\AppData\Roaming\Code\User\globalStorage\redhat.java\1.45.0\config_win -data c:\Users\HP\AppData\Roaming\Code\User\workspaceStorage\5141850592f272b8a8738f944c93e531\redhat.java\jdt_ws --pipe=\\.\pipe\lsp-69d8d4eac6d5396d880454dd56dd8458-sock

Host: Intel(R) Core(TM) i5-8350U CPU @ 1.70GHz, 8 cores, 7G,  Windows 10 , 64 bit Build 19041 (10.0.19041.4957)
Time: Fri Sep  5 20:50:07 2025 India Standard Time elapsed time: 4621.606543 seconds (0d 1h 17m 1s)

---------------  T H R E A D  ---------------

Current thread (0x000001efc922e2a0):  JavaThread "Attach Listener" daemon [_thread_in_vm, id=16348, stack(0x0000003d3a900000,0x0000003d3aa00000) (1024K)]

Stack: [0x0000003d3a900000,0x0000003d3aa00000]
Native frames: (J=compiled Java code, j=interpreted, Vv=VM code, C=native code)
V  [jvm.dll+0x6d2449]
V  [jvm.dll+0x8ae341]
V  [jvm.dll+0x8b08be]
V  [jvm.dll+0x8b0fa3]
V  [jvm.dll+0x280c96]
V  [jvm.dll+0xc0347]
V  [jvm.dll+0x6d2cf9]
V  [jvm.dll+0x131116]
V  [jvm.dll+0x3f2d16]
V  [jvm.dll+0x857e6b]
V  [jvm.dll+0x6d0b0d]
C  [ucrtbase.dll+0x21bb2]
C  [KERNEL32.DLL+0x17374]
C  [ntdll.dll+0x4cc91]


---------------  P R O C E S S  ---------------

Threads class SMR info:
_java_thread_list=0x000001efe847f400, length=35, elements={
0x000001efc92b8230, 0x000001efc921e4a0, 0x000001efc92223c0, 0x000001efc922d090,
0x000001efc922e2a0, 0x000001efc922fe60, 0x000001efc92308b0, 0x000001efc92316e0,
0x000001efc926dbd0, 0x000001efe15667e0, 0x000001efe1812010, 0x000001efe6a1c2c0,
0x000001efe6a64e40, 0x000001efe69c3f60, 0x000001efe69cce80, 0x000001efe6db0500,
0x000001efe6cbfa50, 0x000001efe6b9a200, 0x000001efe6b98e50, 0x000001efe6b987c0,
0x000001efe6b98130, 0x000001efe878ded0, 0x000001efe878ffa0, 0x000001efe8790cc0,
0x000001efe878be00, 0x000001efe878f280, 0x000001efe878e560, 0x000001efe878f910,
0x000001efe878c490, 0x000001efe878cb20, 0x000001efe878b770, 0x000001efe8790630,
0x000001efe878d1b0, 0x000001efe6b893e0, 0x000001efe6b8cef0
}

Java Threads: ( => current thread )
  0x000001efc92b8230 JavaThread "main"                              [_thread_blocked, id=11396, stack(0x0000003d3a200000,0x0000003d3a300000) (1024K)]
  0x000001efc921e4a0 JavaThread "Reference Handler"          daemon [_thread_blocked, id=11588, stack(0x0000003d3a600000,0x0000003d3a700000) (1024K)]
  0x000001efc92223c0 JavaThread "Finalizer"                  daemon [_thread_blocked, id=3556, stack(0x0000003d3a700000,0x0000003d3a800000) (1024K)]
  0x000001efc922d090 JavaThread "Signal Dispatcher"          daemon [_thread_blocked, id=852, stack(0x0000003d3a800000,0x0000003d3a900000) (1024K)]
=>0x000001efc922e2a0 JavaThread "Attach Listener"            daemon [_thread_in_vm, id=16348, stack(0x0000003d3a900000,0x0000003d3aa00000) (1024K)]
  0x000001efc922fe60 JavaThread "Service Thread"             daemon [_thread_blocked, id=4088, stack(0x0000003d3aa00000,0x0000003d3ab00000) (1024K)]
  0x000001efc92308b0 JavaThread "Monitor Deflation Thread"   daemon [_thread_blocked, id=16908, stack(0x0000003d3ab00000,0x0000003d3ac00000) (1024K)]
  0x000001efc92316e0 JavaThread "C2 CompilerThread0"         daemon [_thread_blocked, id=17072, stack(0x0000003d3ac00000,0x0000003d3ad00000) (1024K)]
  0x000001efc926dbd0 JavaThread "C1 CompilerThread0"         daemon [_thread_blocked, id=16572, stack(0x0000003d3ad00000,0x0000003d3ae00000) (1024K)]
  0x000001efe15667e0 JavaThread "Common-Cleaner"             daemon [_thread_blocked, id=16460, stack(0x0000003d3ae00000,0x0000003d3af00000) (1024K)]
  0x000001efe1812010 JavaThread "Notification Thread"        daemon [_thread_blocked, id=14948, stack(0x0000003d3af00000,0x0000003d3b000000) (1024K)]
  0x000001efe6a1c2c0 JavaThread "Active Thread: Equinox Container: 1abf17b5-c9db-4bf7-976f-a86e1261f8a3"        [_thread_blocked, id=12964, stack(0x0000003d3b800000,0x0000003d3b900000) (1024K)]
  0x000001efe6a64e40 JavaThread "Refresh Thread: Equinox Container: 1abf17b5-c9db-4bf7-976f-a86e1261f8a3" daemon [_thread_blocked, id=17188, stack(0x0000003d3b700000,0x0000003d3b800000) (1024K)]
  0x000001efe69c3f60 JavaThread "Framework Event Dispatcher: Equinox Container: 1abf17b5-c9db-4bf7-976f-a86e1261f8a3" daemon [_thread_blocked, id=15088, stack(0x0000003d3ba00000,0x0000003d3bb00000) (1024K)]
  0x000001efe69cce80 JavaThread "Start Level: Equinox Container: 1abf17b5-c9db-4bf7-976f-a86e1261f8a3" daemon [_thread_blocked, id=4244, stack(0x0000003d3bb00000,0x0000003d3bc00000) (1024K)]
  0x000001efe6db0500 JavaThread "Bundle File Closer"         daemon [_thread_blocked, id=9784, stack(0x0000003d3bd00000,0x0000003d3be00000) (1024K)]
  0x000001efe6cbfa50 JavaThread "SCR Component Actor"        daemon [_thread_blocked, id=16372, stack(0x0000003d3bc00000,0x0000003d3bd00000) (1024K)]
  0x000001efe6b9a200 JavaThread "Worker-JM"                         [_thread_blocked, id=12328, stack(0x0000003d3be00000,0x0000003d3bf00000) (1024K)]
  0x000001efe6b98e50 JavaThread "JNA Cleaner"                daemon [_thread_blocked, id=7956, stack(0x0000003d3bf00000,0x0000003d3c000000) (1024K)]
  0x000001efe6b987c0 JavaThread "Worker-1"                          [_thread_blocked, id=16528, stack(0x0000003d3c100000,0x0000003d3c200000) (1024K)]
  0x000001efe6b98130 JavaThread "Java indexing"              daemon [_thread_blocked, id=10700, stack(0x0000003d3c400000,0x0000003d3c500000) (1024K)]
  0x000001efe878ded0 JavaThread "Thread-2"                   daemon [_thread_in_native, id=11224, stack(0x0000003d3ca00000,0x0000003d3cb00000) (1024K)]
  0x000001efe878ffa0 JavaThread "Thread-3"                   daemon [_thread_in_native, id=1944, stack(0x0000003d3cb00000,0x0000003d3cc00000) (1024K)]
  0x000001efe8790cc0 JavaThread "Thread-4"                   daemon [_thread_in_native, id=1600, stack(0x0000003d3cc00000,0x0000003d3cd00000) (1024K)]
  0x000001efe878be00 JavaThread "Thread-5"                   daemon [_thread_in_native, id=9704, stack(0x0000003d3cd00000,0x0000003d3ce00000) (1024K)]
  0x000001efe878f280 JavaThread "Thread-6"                   daemon [_thread_in_native, id=752, stack(0x0000003d3ce00000,0x0000003d3cf00000) (1024K)]
  0x000001efe878e560 JavaThread "Thread-7"                   daemon [_thread_in_native, id=16500, stack(0x0000003d3cf00000,0x0000003d3d000000) (1024K)]
  0x000001efe878f910 JavaThread "Thread-8"                   daemon [_thread_in_native, id=13968, stack(0x0000003d3d000000,0x0000003d3d100000) (1024K)]
  0x000001efe878c490 JavaThread "Thread-9"                   daemon [_thread_in_native, id=6596, stack(0x0000003d3d100000,0x0000003d3d200000) (1024K)]
  0x000001efe878cb20 JavaThread "Thread-10"                  daemon [_thread_in_native, id=9860, stack(0x0000003d3d200000,0x0000003d3d300000) (1024K)]
  0x000001efe878b770 JavaThread "pool-2-thread-1"                   [_thread_blocked, id=13400, stack(0x0000003d3d300000,0x0000003d3d400000) (1024K)]
  0x000001efe8790630 JavaThread "WorkspaceEventsHandler"            [_thread_blocked, id=15004, stack(0x0000003d3d400000,0x0000003d3d500000) (1024K)]
  0x000001efe878d1b0 JavaThread "pool-1-thread-1"                   [_thread_blocked, id=13456, stack(0x0000003d3d500000,0x0000003d3d600000) (1024K)]
  0x000001efe6b893e0 JavaThread "pool-3-thread-1"                   [_thread_blocked, id=13024, stack(0x0000003d3e300000,0x0000003d3e400000) (1024K)]
  0x000001efe6b8cef0 JavaThread "Worker-6"                          [_thread_blocked, id=6060, stack(0x0000003d3a100000,0x0000003d3a200000) (1024K)]
Total: 35

Other Threads:
  0x000001efc6fd5f80 VMThread "VM Thread"                           [id=5144, stack(0x0000003d3a500000,0x0000003d3a600000) (1024K)]
  0x000001efc93235c0 WatcherThread "VM Periodic Task Thread"        [id=13340, stack(0x0000003d3a400000,0x0000003d3a500000) (1024K)]
  0x000001efc6fd66c0 WorkerThread "GC Thread#0"                     [id=15072, stack(0x0000003d3a300000,0x0000003d3a400000) (1024K)]
  0x000001efc6fd5100 WorkerThread "GC Thread#1"                     [id=296, stack(0x0000003d3b100000,0x0000003d3b200000) (1024K)]
  0x000001efe64d23f0 WorkerThread "GC Thread#2"                     [id=12340, stack(0x0000003d3b200000,0x0000003d3b300000) (1024K)]
  0x000001efe64d0a90 WorkerThread "GC Thread#3"                     [id=652, stack(0x0000003d3b300000,0x0000003d3b400000) (1024K)]
  0x000001efe64d1910 WorkerThread "GC Thread#4"                     [id=15996, stack(0x0000003d3b400000,0x0000003d3b500000) (1024K)]
  0x000001efe64cf4d0 WorkerThread "GC Thread#5"                     [id=1580, stack(0x0000003d3b500000,0x0000003d3b600000) (1024K)]
  0x000001efe64ce9f0 WorkerThread "GC Thread#6"                     [id=6976, stack(0x0000003d3b600000,0x0000003d3b700000) (1024K)]
  0x000001efe64d1cb0 WorkerThread "GC Thread#7"                     [id=10880, stack(0x0000003d3b900000,0x0000003d3ba00000) (1024K)]
Total: 10

Threads with active compile tasks:
Total: 0

VM state: not at safepoint (normal execution)

VM Mutex/Monitor currently owned by a thread: None

Heap address: 0x0000000080000000, size: 2048 MB, Compressed Oops mode: 32-bit

CDS archive(s) mapped at: [0x000001ef80000000-0x000001ef80ba0000-0x000001ef80ba0000), size 12189696, SharedBaseAddress: 0x000001ef80000000, ArchiveRelocationMode: 1.
Compressed class space mapped at: 0x000001ef81000000-0x000001efc1000000, reserved size: 1073741824
Narrow klass base: 0x000001ef80000000, Narrow klass shift: 0, Narrow klass range: 0x100000000

GC Precious Log:
 CardTable entry size: 512
 CPUs: 8 total, 8 available
 Memory: 8035M
 Large Page Support: Disabled
 NUMA Support: Disabled
 Compressed Oops: Enabled (32-bit)
 Alignments: Space 512K, Generation 512K, Heap 2M
 Heap Min Capacity: 100M
 Heap Initial Capacity: 100M
 Heap Max Capacity: 2G
 Pre-touch: Disabled
 Parallel Workers: 8

Heap:
 PSYoungGen      total 2048K, used 1240K [0x00000000d5580000, 0x00000000d5800000, 0x0000000100000000)
  eden space 1536K, 64% used [0x00000000d5580000,0x00000000d5676060,0x00000000d5700000)
  from space 512K, 50% used [0x00000000d5700000,0x00000000d5740000,0x00000000d5780000)
  to   space 512K, 0% used [0x00000000d5780000,0x00000000d5780000,0x00000000d5800000)
 ParOldGen       total 428544K, used 428247K [0x0000000080000000, 0x000000009a280000, 0x00000000d5580000)
  object space 428544K, 99% used [0x0000000080000000,0x000000009a235c28,0x000000009a280000)
 Metaspace       used 56954K, committed 58304K, reserved 1114112K
  class space    used 6116K, committed 6720K, reserved 1048576K

Card table byte_map: [0x000001efc8c60000,0x000001efc9070000] _byte_map_base: 0x000001efc8860000

Marking Bits: (ParMarkBitMap*) 0x00007ffe77a4a340
 Begin Bits: [0x000001efdb760000, 0x000001efdd760000)
 End Bits:   [0x000001efdd760000, 0x000001efdf760000)

Polling page: 0x000001efc7140000

Metaspace:

Usage:
  Non-class:     49.65 MB used.
      Class:      5.97 MB used.
       Both:     55.62 MB used.

Virtual space:
  Non-class space:       64.00 MB reserved,      50.38 MB ( 79%) committed,  1 nodes.
      Class space:        1.00 GB reserved,       6.56 MB ( <1%) committed,  1 nodes.
             Both:        1.06 GB reserved,      56.94 MB (  5%) committed. 

Chunk freelists:
   Non-Class:  13.33 MB
       Class:  9.41 MB
        Both:  22.73 MB

MaxMetaspaceSize: unlimited
CompressedClassSpaceSize: 1.00 GB
Initial GC threshold: 21.00 MB
Current GC threshold: 58.38 MB
CDS: on
 - commit_granule_bytes: 65536.
 - commit_granule_words: 8192.
 - virtual_space_node_default_size: 8388608.
 - enlarge_chunks_in_place: 1.
 - use_allocation_guard: 0.


Internal statistics:

num_allocs_failed_limit: 6.
num_arena_births: 962.
num_arena_deaths: 14.
num_vsnodes_births: 2.
num_vsnodes_deaths: 0.
num_space_committed: 911.
num_space_uncommitted: 0.
num_chunks_returned_to_freelist: 20.
num_chunks_taken_from_freelist: 3524.
num_chunk_merges: 10.
num_chunk_splits: 2204.
num_chunks_enlarged: 1306.
num_inconsistent_stats: 0.

CodeHeap 'non-profiled nmethods': size=120000Kb used=5679Kb max_used=5679Kb free=114320Kb
 bounds [0x000001efd3f80000, 0x000001efd4510000, 0x000001efdb4b0000]
CodeHeap 'profiled nmethods': size=120000Kb used=17912Kb max_used=17912Kb free=102087Kb
 bounds [0x000001efcc4b0000, 0x000001efcd630000, 0x000001efd39e0000]
CodeHeap 'non-nmethods': size=5760Kb used=1411Kb max_used=1515Kb free=4349Kb
 bounds [0x000001efd39e0000, 0x000001efd3c50000, 0x000001efd3f80000]
CodeCache: size=245760Kb, used=25002Kb, max_used=25106Kb, free=220756Kb
 total_blobs=8932, nmethods=8209, adapters=629, full_count=0
Compilation: enabled, stopped_count=0, restarted_count=0

Compilation events (20 events):
Event: 3010.672 Thread 0x000001efc926dbd0 8796       1       org.eclipse.core.internal.jobs.InternalJob::getListeners (5 bytes)
Event: 3010.673 Thread 0x000001efc926dbd0 nmethod 8796 0x000001efd450b710 code [0x000001efd450b8a0, 0x000001efd450b968]
Event: 3106.250 Thread 0x000001efc926dbd0 8797   !   3       java.util.logging.LogManager::ensureLogManagerInitialized (144 bytes)
Event: 3106.254 Thread 0x000001efc926dbd0 nmethod 8797 0x000001efcd623d90 code [0x000001efcd6240a0, 0x000001efcd6251c0]
Event: 3670.758 Thread 0x000001efc926dbd0 8798   !   3       org.eclipse.core.internal.jobs.JobManager::nextJob (291 bytes)
Event: 3670.772 Thread 0x000001efc926dbd0 nmethod 8798 0x000001efcd625790 code [0x000001efcd625c20, 0x000001efcd627da0]
Event: 3730.765 Thread 0x000001efc926dbd0 8799       3       org.eclipse.core.internal.jobs.JobManager::startJob (89 bytes)
Event: 3730.772 Thread 0x000001efc926dbd0 nmethod 8799 0x000001efcd628e90 code [0x000001efcd629140, 0x000001efcd629fa0]
Event: 3790.770 Thread 0x000001efc926dbd0 8800   !   3       org.eclipse.core.internal.jobs.JobManager::sleepHint (67 bytes)
Event: 3790.772 Thread 0x000001efc926dbd0 nmethod 8800 0x000001efcd62a410 code [0x000001efcd62a680, 0x000001efcd62b150]
Event: 3790.772 Thread 0x000001efc926dbd0 8801       3       org.eclipse.core.internal.jobs.JobQueue::isEmpty (18 bytes)
Event: 3790.772 Thread 0x000001efc926dbd0 nmethod 8801 0x000001efcd62b610 code [0x000001efcd62b7c0, 0x000001efcd62b950]
Event: 3856.447 Thread 0x000001efc926dbd0 8802       1       com.sun.jna.internal.Cleaner::access$200 (5 bytes)
Event: 3856.449 Thread 0x000001efc926dbd0 nmethod 8802 0x000001efd450ba10 code [0x000001efd450bba0, 0x000001efd450bc50]
Event: 3858.622 Thread 0x000001efc926dbd0 8803       3       java.lang.ProcessHandleImpl::get (51 bytes)
Event: 3858.626 Thread 0x000001efc926dbd0 nmethod 8803 0x000001efcd62ba10 code [0x000001efcd62bc20, 0x000001efcd62c228]
Event: 4100.073 Thread 0x000001efc926dbd0 8804       3       java.util.concurrent.locks.AbstractQueuedSynchronizer$ConditionObject::await (207 bytes)
Event: 4100.077 Thread 0x000001efc926dbd0 nmethod 8804 0x000001efcd62c490 code [0x000001efcd62c7a0, 0x000001efcd62d688]
Event: 4160.076 Thread 0x000001efc926dbd0 8805       3       java.lang.ref.ReferenceQueue::await (15 bytes)
Event: 4160.078 Thread 0x000001efc926dbd0 nmethod 8805 0x000001efcd62dd10 code [0x000001efcd62dec0, 0x000001efcd62e060]

GC Heap History (20 events):
Event: 49.265 GC heap before
{Heap before GC invocations=346 (full 2):
 PSYoungGen      total 3584K, used 3572K [0x00000000d5580000, 0x00000000d5b80000, 0x0000000100000000)
  eden space 2048K, 100% used [0x00000000d5580000,0x00000000d5780000,0x00000000d5780000)
  from space 1536K, 99% used [0x00000000d5780000,0x00000000d58fd0a8,0x00000000d5900000)
  to   space 2048K, 0% used [0x00000000d5980000,0x00000000d5980000,0x00000000d5b80000)
 ParOldGen       total 422400K, used 422135K [0x0000000080000000, 0x0000000099c80000, 0x00000000d5580000)
  object space 422400K, 99% used [0x0000000080000000,0x0000000099c3dc80,0x0000000099c80000)
 Metaspace       used 55896K, committed 57216K, reserved 1114112K
  class space    used 6003K, committed 6592K, reserved 1048576K
}
Event: 49.270 GC heap after
{Heap after GC invocations=346 (full 2):
 PSYoungGen      total 4096K, used 1042K [0x00000000d5580000, 0x00000000d5b00000, 0x0000000100000000)
  eden space 2560K, 0% used [0x00000000d5580000,0x00000000d5580000,0x00000000d5800000)
  from space 1536K, 67% used [0x00000000d5980000,0x00000000d5a84bc8,0x00000000d5b00000)
  to   space 1536K, 0% used [0x00000000d5800000,0x00000000d5800000,0x00000000d5980000)
 ParOldGen       total 422912K, used 422591K [0x0000000080000000, 0x0000000099d00000, 0x00000000d5580000)
  object space 422912K, 99% used [0x0000000080000000,0x0000000099cafc80,0x0000000099d00000)
 Metaspace       used 55896K, committed 57216K, reserved 1114112K
  class space    used 6003K, committed 6592K, reserved 1048576K
}
Event: 50.845 GC heap before
{Heap before GC invocations=347 (full 2):
 PSYoungGen      total 4096K, used 3594K [0x00000000d5580000, 0x00000000d5b00000, 0x0000000100000000)
  eden space 2560K, 99% used [0x00000000d5580000,0x00000000d57fdd68,0x00000000d5800000)
  from space 1536K, 67% used [0x00000000d5980000,0x00000000d5a84bc8,0x00000000d5b00000)
  to   space 1536K, 0% used [0x00000000d5800000,0x00000000d5800000,0x00000000d5980000)
 ParOldGen       total 422912K, used 422591K [0x0000000080000000, 0x0000000099d00000, 0x00000000d5580000)
  object space 422912K, 99% used [0x0000000080000000,0x0000000099cafc80,0x0000000099d00000)
 Metaspace       used 55989K, committed 57280K, reserved 1114112K
  class space    used 6010K, committed 6592K, reserved 1048576K
}
Event: 50.851 GC heap after
{Heap after GC invocations=347 (full 2):
 PSYoungGen      total 3584K, used 832K [0x00000000d5580000, 0x00000000d5a00000, 0x0000000100000000)
  eden space 2560K, 0% used [0x00000000d5580000,0x00000000d5580000,0x00000000d5800000)
  from space 1024K, 81% used [0x00000000d5800000,0x00000000d58d0010,0x00000000d5900000)
  to   space 1024K, 0% used [0x00000000d5900000,0x00000000d5900000,0x00000000d5a00000)
 ParOldGen       total 423424K, used 423314K [0x0000000080000000, 0x0000000099d80000, 0x00000000d5580000)
  object space 423424K, 99% used [0x0000000080000000,0x0000000099d64840,0x0000000099d80000)
 Metaspace       used 55989K, committed 57280K, reserved 1114112K
  class space    used 6010K, committed 6592K, reserved 1048576K
}
Event: 51.260 GC heap before
{Heap before GC invocations=348 (full 2):
 PSYoungGen      total 3584K, used 3388K [0x00000000d5580000, 0x00000000d5a00000, 0x0000000100000000)
  eden space 2560K, 99% used [0x00000000d5580000,0x00000000d57ff180,0x00000000d5800000)
  from space 1024K, 81% used [0x00000000d5800000,0x00000000d58d0010,0x00000000d5900000)
  to   space 1024K, 0% used [0x00000000d5900000,0x00000000d5900000,0x00000000d5a00000)
 ParOldGen       total 423424K, used 423314K [0x0000000080000000, 0x0000000099d80000, 0x00000000d5580000)
  object space 423424K, 99% used [0x0000000080000000,0x0000000099d64840,0x0000000099d80000)
 Metaspace       used 56218K, committed 57536K, reserved 1114112K
  class space    used 6035K, committed 6656K, reserved 1048576K
}
Event: 51.286 GC heap after
{Heap after GC invocations=348 (full 2):
 PSYoungGen      total 3584K, used 344K [0x00000000d5580000, 0x00000000d5a00000, 0x0000000100000000)
  eden space 2560K, 0% used [0x00000000d5580000,0x00000000d5580000,0x00000000d5800000)
  from space 1024K, 33% used [0x00000000d5900000,0x00000000d59561a8,0x00000000d5a00000)
  to   space 1024K, 0% used [0x00000000d5800000,0x00000000d5800000,0x00000000d5900000)
 ParOldGen       total 424448K, used 424002K [0x0000000080000000, 0x0000000099e80000, 0x00000000d5580000)
  object space 424448K, 99% used [0x0000000080000000,0x0000000099e10860,0x0000000099e80000)
 Metaspace       used 56218K, committed 57536K, reserved 1114112K
  class space    used 6035K, committed 6656K, reserved 1048576K
}
Event: 51.920 GC heap before
{Heap before GC invocations=349 (full 2):
 PSYoungGen      total 3584K, used 2900K [0x00000000d5580000, 0x00000000d5a00000, 0x0000000100000000)
  eden space 2560K, 99% used [0x00000000d5580000,0x00000000d57ff0f8,0x00000000d5800000)
  from space 1024K, 33% used [0x00000000d5900000,0x00000000d59561a8,0x00000000d5a00000)
  to   space 1024K, 0% used [0x00000000d5800000,0x00000000d5800000,0x00000000d5900000)
 ParOldGen       total 424448K, used 424002K [0x0000000080000000, 0x0000000099e80000, 0x00000000d5580000)
  object space 424448K, 99% used [0x0000000080000000,0x0000000099e10860,0x0000000099e80000)
 Metaspace       used 56508K, committed 57856K, reserved 1114112K
  class space    used 6071K, committed 6656K, reserved 1048576K
}
Event: 51.928 GC heap after
{Heap after GC invocations=349 (full 2):
 PSYoungGen      total 3584K, used 425K [0x00000000d5580000, 0x00000000d5980000, 0x0000000100000000)
  eden space 2560K, 0% used [0x00000000d5580000,0x00000000d5580000,0x00000000d5800000)
  from space 1024K, 41% used [0x00000000d5800000,0x00000000d586a420,0x00000000d5900000)
  to   space 512K, 0% used [0x00000000d5900000,0x00000000d5900000,0x00000000d5980000)
 ParOldGen       total 424448K, used 424244K [0x0000000080000000, 0x0000000099e80000, 0x00000000d5580000)
  object space 424448K, 99% used [0x0000000080000000,0x0000000099e4d3d8,0x0000000099e80000)
 Metaspace       used 56508K, committed 57856K, reserved 1114112K
  class space    used 6071K, committed 6656K, reserved 1048576K
}
Event: 52.010 GC heap before
{Heap before GC invocations=350 (full 2):
 PSYoungGen      total 3584K, used 2985K [0x00000000d5580000, 0x00000000d5980000, 0x0000000100000000)
  eden space 2560K, 100% used [0x00000000d5580000,0x00000000d5800000,0x00000000d5800000)
  from space 1024K, 41% used [0x00000000d5800000,0x00000000d586a420,0x00000000d5900000)
  to   space 512K, 0% used [0x00000000d5900000,0x00000000d5900000,0x00000000d5980000)
 ParOldGen       total 424448K, used 424244K [0x0000000080000000, 0x0000000099e80000, 0x00000000d5580000)
  object space 424448K, 99% used [0x0000000080000000,0x0000000099e4d3d8,0x0000000099e80000)
 Metaspace       used 56512K, committed 57856K, reserved 1114112K
  class space    used 6072K, committed 6656K, reserved 1048576K
}
Event: 52.019 GC heap after
{Heap after GC invocations=350 (full 2):
 PSYoungGen      total 1024K, used 489K [0x00000000d5580000, 0x00000000d5e00000, 0x0000000100000000)
  eden space 512K, 0% used [0x00000000d5580000,0x00000000d5580000,0x00000000d5600000)
  from space 512K, 95% used [0x00000000d5900000,0x00000000d597a420,0x00000000d5980000)
  to   space 3072K, 0% used [0x00000000d5600000,0x00000000d5600000,0x00000000d5900000)
 ParOldGen       total 426496K, used 426341K [0x0000000080000000, 0x000000009a080000, 0x00000000d5580000)
  object space 426496K, 99% used [0x0000000080000000,0x000000009a0597f8,0x000000009a080000)
 Metaspace       used 56512K, committed 57856K, reserved 1114112K
  class space    used 6072K, committed 6656K, reserved 1048576K
}
Event: 52.040 GC heap before
{Heap before GC invocations=351 (full 2):
 PSYoungGen      total 1024K, used 1001K [0x00000000d5580000, 0x00000000d5e00000, 0x0000000100000000)
  eden space 512K, 100% used [0x00000000d5580000,0x00000000d5600000,0x00000000d5600000)
  from space 512K, 95% used [0x00000000d5900000,0x00000000d597a420,0x00000000d5980000)
  to   space 3072K, 0% used [0x00000000d5600000,0x00000000d5600000,0x00000000d5900000)
 ParOldGen       total 426496K, used 426341K [0x0000000080000000, 0x000000009a080000, 0x00000000d5580000)
  object space 426496K, 99% used [0x0000000080000000,0x000000009a0597f8,0x000000009a080000)
 Metaspace       used 56512K, committed 57856K, reserved 1114112K
  class space    used 6072K, committed 6656K, reserved 1048576K
}
Event: 52.044 GC heap after
{Heap after GC invocations=351 (full 2):
 PSYoungGen      total 1536K, used 544K [0x00000000d5580000, 0x00000000d5980000, 0x0000000100000000)
  eden space 512K, 0% used [0x00000000d5580000,0x00000000d5580000,0x00000000d5600000)
  from space 1024K, 53% used [0x00000000d5600000,0x00000000d5688000,0x00000000d5700000)
  to   space 1536K, 0% used [0x00000000d5800000,0x00000000d5800000,0x00000000d5980000)
 ParOldGen       total 427008K, used 426871K [0x0000000080000000, 0x000000009a100000, 0x00000000d5580000)
  object space 427008K, 99% used [0x0000000080000000,0x000000009a0ddc18,0x000000009a100000)
 Metaspace       used 56512K, committed 57856K, reserved 1114112K
  class space    used 6072K, committed 6656K, reserved 1048576K
}
Event: 52.055 GC heap before
{Heap before GC invocations=352 (full 2):
 PSYoungGen      total 1536K, used 1055K [0x00000000d5580000, 0x00000000d5980000, 0x0000000100000000)
  eden space 512K, 99% used [0x00000000d5580000,0x00000000d55fffb0,0x00000000d5600000)
  from space 1024K, 53% used [0x00000000d5600000,0x00000000d5688000,0x00000000d5700000)
  to   space 1536K, 0% used [0x00000000d5800000,0x00000000d5800000,0x00000000d5980000)
 ParOldGen       total 427008K, used 426871K [0x0000000080000000, 0x000000009a100000, 0x00000000d5580000)
  object space 427008K, 99% used [0x0000000080000000,0x000000009a0ddc18,0x000000009a100000)
 Metaspace       used 56512K, committed 57856K, reserved 1114112K
  class space    used 6072K, committed 6656K, reserved 1048576K
}
Event: 52.060 GC heap after
{Heap after GC invocations=352 (full 2):
 PSYoungGen      total 1536K, used 576K [0x00000000d5580000, 0x00000000d5900000, 0x0000000100000000)
  eden space 512K, 0% used [0x00000000d5580000,0x00000000d5580000,0x00000000d5600000)
  from space 1024K, 56% used [0x00000000d5800000,0x00000000d5890000,0x00000000d5900000)
  to   space 1024K, 0% used [0x00000000d5600000,0x00000000d5600000,0x00000000d5700000)
 ParOldGen       total 427520K, used 427335K [0x0000000080000000, 0x000000009a180000, 0x00000000d5580000)
  object space 427520K, 99% used [0x0000000080000000,0x000000009a151c28,0x000000009a180000)
 Metaspace       used 56512K, committed 57856K, reserved 1114112K
  class space    used 6072K, committed 6656K, reserved 1048576K
}
Event: 52.075 GC heap before
{Heap before GC invocations=353 (full 2):
 PSYoungGen      total 1536K, used 1074K [0x00000000d5580000, 0x00000000d5900000, 0x0000000100000000)
  eden space 512K, 97% used [0x00000000d5580000,0x00000000d55fc9c0,0x00000000d5600000)
  from space 1024K, 56% used [0x00000000d5800000,0x00000000d5890000,0x00000000d5900000)
  to   space 1024K, 0% used [0x00000000d5600000,0x00000000d5600000,0x00000000d5700000)
 ParOldGen       total 427520K, used 427335K [0x0000000080000000, 0x000000009a180000, 0x00000000d5580000)
  object space 427520K, 99% used [0x0000000080000000,0x000000009a151c28,0x000000009a180000)
 Metaspace       used 56531K, committed 57856K, reserved 1114112K
  class space    used 6073K, committed 6656K, reserved 1048576K
}
Event: 52.079 GC heap after
{Heap after GC invocations=353 (full 2):
 PSYoungGen      total 1536K, used 480K [0x00000000d5580000, 0x00000000d5880000, 0x0000000100000000)
  eden space 512K, 0% used [0x00000000d5580000,0x00000000d5580000,0x00000000d5600000)
  from space 1024K, 46% used [0x00000000d5600000,0x00000000d5678000,0x00000000d5700000)
  to   space 1024K, 0% used [0x00000000d5780000,0x00000000d5780000,0x00000000d5880000)
 ParOldGen       total 428032K, used 427831K [0x0000000080000000, 0x000000009a200000, 0x00000000d5580000)
  object space 428032K, 99% used [0x0000000080000000,0x000000009a1cdc28,0x000000009a200000)
 Metaspace       used 56531K, committed 57856K, reserved 1114112K
  class space    used 6073K, committed 6656K, reserved 1048576K
}
Event: 52.107 GC heap before
{Heap before GC invocations=354 (full 2):
 PSYoungGen      total 1536K, used 992K [0x00000000d5580000, 0x00000000d5880000, 0x0000000100000000)
  eden space 512K, 100% used [0x00000000d5580000,0x00000000d5600000,0x00000000d5600000)
  from space 1024K, 46% used [0x00000000d5600000,0x00000000d5678000,0x00000000d5700000)
  to   space 1024K, 0% used [0x00000000d5780000,0x00000000d5780000,0x00000000d5880000)
 ParOldGen       total 428032K, used 427831K [0x0000000080000000, 0x000000009a200000, 0x00000000d5580000)
  object space 428032K, 99% used [0x0000000080000000,0x000000009a1cdc28,0x000000009a200000)
 Metaspace       used 56583K, committed 57920K, reserved 1114112K
  class space    used 6081K, committed 6656K, reserved 1048576K
}
Event: 52.111 GC heap after
{Heap after GC invocations=354 (full 2):
 PSYoungGen      total 2048K, used 224K [0x00000000d5580000, 0x00000000d5800000, 0x0000000100000000)
  eden space 1536K, 0% used [0x00000000d5580000,0x00000000d5580000,0x00000000d5700000)
  from space 512K, 43% used [0x00000000d5780000,0x00000000d57b8000,0x00000000d5800000)
  to   space 512K, 0% used [0x00000000d5700000,0x00000000d5700000,0x00000000d5780000)
 ParOldGen       total 428544K, used 428191K [0x0000000080000000, 0x000000009a280000, 0x00000000d5580000)
  object space 428544K, 99% used [0x0000000080000000,0x000000009a227c28,0x000000009a280000)
 Metaspace       used 56583K, committed 57920K, reserved 1114112K
  class space    used 6081K, committed 6656K, reserved 1048576K
}
Event: 319.553 GC heap before
{Heap before GC invocations=355 (full 2):
 PSYoungGen      total 2048K, used 1751K [0x00000000d5580000, 0x00000000d5800000, 0x0000000100000000)
  eden space 1536K, 99% used [0x00000000d5580000,0x00000000d56fdf08,0x00000000d5700000)
  from space 512K, 43% used [0x00000000d5780000,0x00000000d57b8000,0x00000000d5800000)
  to   space 512K, 0% used [0x00000000d5700000,0x00000000d5700000,0x00000000d5780000)
 ParOldGen       total 428544K, used 428191K [0x0000000080000000, 0x000000009a280000, 0x00000000d5580000)
  object space 428544K, 99% used [0x0000000080000000,0x000000009a227c28,0x000000009a280000)
 Metaspace       used 56764K, committed 58176K, reserved 1114112K
  class space    used 6105K, committed 6720K, reserved 1048576K
}
Event: 319.559 GC heap after
{Heap after GC invocations=355 (full 2):
 PSYoungGen      total 2048K, used 256K [0x00000000d5580000, 0x00000000d5800000, 0x0000000100000000)
  eden space 1536K, 0% used [0x00000000d5580000,0x00000000d5580000,0x00000000d5700000)
  from space 512K, 50% used [0x00000000d5700000,0x00000000d5740000,0x00000000d5780000)
  to   space 512K, 0% used [0x00000000d5780000,0x00000000d5780000,0x00000000d5800000)
 ParOldGen       total 428544K, used 428247K [0x0000000080000000, 0x000000009a280000, 0x00000000d5580000)
  object space 428544K, 99% used [0x0000000080000000,0x000000009a235c28,0x000000009a280000)
 Metaspace       used 56764K, committed 58176K, reserved 1114112K
  class space    used 6105K, committed 6720K, reserved 1048576K
}

Dll operation events (10 events):
Event: 0.028 Loaded shared library c:\Users\HP\.vscode\extensions\redhat.java-1.45.0-win32-x64\jre\21.0.8-win32-x86_64\bin\java.dll
Event: 0.298 Loaded shared library c:\Users\HP\.vscode\extensions\redhat.java-1.45.0-win32-x64\jre\21.0.8-win32-x86_64\bin\zip.dll
Event: 0.444 Loaded shared library C:\Users\HP\.vscode\extensions\redhat.java-1.45.0-win32-x64\jre\21.0.8-win32-x86_64\bin\instrument.dll
Event: 0.462 Loaded shared library C:\Users\HP\.vscode\extensions\redhat.java-1.45.0-win32-x64\jre\21.0.8-win32-x86_64\bin\net.dll
Event: 0.466 Loaded shared library C:\Users\HP\.vscode\extensions\redhat.java-1.45.0-win32-x64\jre\21.0.8-win32-x86_64\bin\nio.dll
Event: 0.473 Loaded shared library C:\Users\HP\.vscode\extensions\redhat.java-1.45.0-win32-x64\jre\21.0.8-win32-x86_64\bin\zip.dll
Event: 0.563 Loaded shared library C:\Users\HP\.vscode\extensions\redhat.java-1.45.0-win32-x64\jre\21.0.8-win32-x86_64\bin\jimage.dll
Event: 0.875 Loaded shared library c:\Users\HP\.vscode\extensions\redhat.java-1.45.0-win32-x64\jre\21.0.8-win32-x86_64\bin\verify.dll
Event: 4.809 Loaded shared library C:\Users\HP\AppData\Roaming\Code\User\globalStorage\redhat.java\1.45.0\config_win\org.eclipse.equinox.launcher\org.eclipse.equinox.launcher.win32.win32.x86_64_1.2.1400.v20250801-0854\eclipse_11916.dll
Event: 10.156 Loaded shared library C:\Users\HP\AppData\Local\Temp\jna-2312\jna4837136488945875280.dll

Deoptimization events (20 events):
Event: 319.581 Thread 0x000001efe6b987c0 Uncommon trap: trap_request=0xffffffde fr.pc=0x000001efd445fe80 relative=0x0000000000000440
Event: 319.581 Thread 0x000001efe6b987c0 Uncommon trap: reason=class_check action=maybe_recompile pc=0x000001efd445fe80 method=java.io.DataOutputStream.writeInt(I)V @ 19 c2
Event: 319.581 Thread 0x000001efe6b987c0 DEOPT PACKING pc=0x000001efd445fe80 sp=0x0000003d3c1fecf0
Event: 319.581 Thread 0x000001efe6b987c0 DEOPT UNPACKING pc=0x000001efd3a33aa2 sp=0x0000003d3c1fec98 mode 2
Event: 319.582 Thread 0x000001efe6b987c0 Uncommon trap: trap_request=0xffffff45 fr.pc=0x000001efd445a4b4 relative=0x00000000000010d4
Event: 319.582 Thread 0x000001efe6b987c0 Uncommon trap: reason=unstable_if action=reinterpret pc=0x000001efd445a4b4 method=java.io.DataOutputStream.writeUTF(Ljava/lang/String;Ljava/io/DataOutput;)I @ 101 c2
Event: 319.582 Thread 0x000001efe6b987c0 DEOPT PACKING pc=0x000001efd445a4b4 sp=0x0000003d3c1febb0
Event: 319.582 Thread 0x000001efe6b987c0 DEOPT UNPACKING pc=0x000001efd3a33aa2 sp=0x0000003d3c1feb80 mode 2
Event: 319.582 Thread 0x000001efe6b987c0 Uncommon trap: trap_request=0xffffffde fr.pc=0x000001efd445fe80 relative=0x0000000000000440
Event: 319.582 Thread 0x000001efe6b987c0 Uncommon trap: reason=class_check action=maybe_recompile pc=0x000001efd445fe80 method=java.io.DataOutputStream.writeInt(I)V @ 19 c2
Event: 319.582 Thread 0x000001efe6b987c0 DEOPT PACKING pc=0x000001efd445fe80 sp=0x0000003d3c1fea80
Event: 319.582 Thread 0x000001efe6b987c0 DEOPT UNPACKING pc=0x000001efd3a33aa2 sp=0x0000003d3c1fea28 mode 2
Event: 319.582 Thread 0x000001efe6b987c0 Uncommon trap: trap_request=0xffffffde fr.pc=0x000001efd445fe80 relative=0x0000000000000440
Event: 319.582 Thread 0x000001efe6b987c0 Uncommon trap: reason=class_check action=maybe_recompile pc=0x000001efd445fe80 method=java.io.DataOutputStream.writeInt(I)V @ 19 c2
Event: 319.582 Thread 0x000001efe6b987c0 DEOPT PACKING pc=0x000001efd445fe80 sp=0x0000003d3c1fea10
Event: 319.582 Thread 0x000001efe6b987c0 DEOPT UNPACKING pc=0x000001efd3a33aa2 sp=0x0000003d3c1fe9b8 mode 2
Event: 319.584 Thread 0x000001efe6b987c0 Uncommon trap: trap_request=0xffffff45 fr.pc=0x000001efd4086be0 relative=0x00000000000001c0
Event: 319.584 Thread 0x000001efe6b987c0 Uncommon trap: reason=unstable_if action=reinterpret pc=0x000001efd4086be0 method=jdk.internal.org.objectweb.asm.Frame.push(I)V @ 26 c2
Event: 319.584 Thread 0x000001efe6b987c0 DEOPT PACKING pc=0x000001efd4086be0 sp=0x0000003d3c1fd2a0
Event: 319.584 Thread 0x000001efe6b987c0 DEOPT UNPACKING pc=0x000001efd3a33aa2 sp=0x0000003d3c1fd228 mode 2

Classes loaded (20 events):
Event: 52.096 Loading class java/util/concurrent/CompletableFuture$UniAccept
Event: 52.097 Loading class java/util/concurrent/CompletableFuture$UniAccept done
Event: 52.098 Loading class java/util/concurrent/CompletableFuture$UniExceptionally
Event: 52.099 Loading class java/util/concurrent/CompletableFuture$UniExceptionally done
Event: 319.534 Loading class java/util/stream/Nodes$CollectorTask$OfRef
Event: 319.534 Loading class java/util/stream/Nodes$CollectorTask
Event: 319.536 Loading class java/util/stream/Nodes$CollectorTask done
Event: 319.536 Loading class java/util/stream/Nodes$CollectorTask$OfRef done
Event: 319.536 Loading class java/util/function/LongFunction
Event: 319.537 Loading class java/util/function/LongFunction done
Event: 319.538 Loading class java/util/stream/Nodes$ConcNode
Event: 319.539 Loading class java/util/stream/Nodes$AbstractConcNode
Event: 319.539 Loading class java/util/stream/Nodes$AbstractConcNode done
Event: 319.539 Loading class java/util/stream/Nodes$ConcNode done
Event: 319.568 Loading class java/io/ObjectOutputStream$BlockDataOutputStream
Event: 319.569 Loading class java/io/ObjectOutputStream$BlockDataOutputStream done
Event: 319.569 Loading class java/io/ObjectOutputStream$HandleTable
Event: 319.570 Loading class java/io/ObjectOutputStream$HandleTable done
Event: 319.570 Loading class java/io/ObjectOutputStream$ReplaceTable
Event: 319.570 Loading class java/io/ObjectOutputStream$ReplaceTable done

Classes unloaded (7 events):
Event: 12.074 Thread 0x000001efc6fd5f80 Unloading class 0x000001ef811ab000 'java/lang/invoke/LambdaForm$MH+0x000001ef811ab000'
Event: 12.074 Thread 0x000001efc6fd5f80 Unloading class 0x000001ef811aac00 'java/lang/invoke/LambdaForm$MH+0x000001ef811aac00'
Event: 12.074 Thread 0x000001efc6fd5f80 Unloading class 0x000001ef811aa800 'java/lang/invoke/LambdaForm$MH+0x000001ef811aa800'
Event: 12.074 Thread 0x000001efc6fd5f80 Unloading class 0x000001ef811aa400 'java/lang/invoke/LambdaForm$MH+0x000001ef811aa400'
Event: 12.074 Thread 0x000001efc6fd5f80 Unloading class 0x000001ef811aa000 'java/lang/invoke/LambdaForm$BMH+0x000001ef811aa000'
Event: 12.074 Thread 0x000001efc6fd5f80 Unloading class 0x000001ef811a9c00 'java/lang/invoke/LambdaForm$DMH+0x000001ef811a9c00'
Event: 12.074 Thread 0x000001efc6fd5f80 Unloading class 0x000001ef811a8800 'java/lang/invoke/LambdaForm$DMH+0x000001ef811a8800'

Classes redefined (0 events):
No events

Internal exceptions (20 events):
Event: 25.031 Thread 0x000001efe6b97aa0 Exception <a 'sun/nio/fs/WindowsException'{0x00000000d5e11fa0}> (0x00000000d5e11fa0) 
thrown [s\src\hotspot\share\prims\jni.cpp, line 520]
Event: 25.032 Thread 0x000001efe6b97aa0 Exception <a 'sun/nio/fs/WindowsException'{0x00000000d5e57fa8}> (0x00000000d5e57fa8) 
thrown [s\src\hotspot\share\prims\jni.cpp, line 520]
Event: 25.040 Thread 0x000001efe6b97aa0 Exception <a 'sun/nio/fs/WindowsException'{0x00000000d55a67e0}> (0x00000000d55a67e0) 
thrown [s\src\hotspot\share\prims\jni.cpp, line 520]
Event: 25.044 Thread 0x000001efe6b97aa0 Exception <a 'java/lang/NoSuchMethodError'{0x00000000d55fcc88}: method resolution failed> (0x00000000d55fcc88) 
thrown [s\src\hotspot\share\prims\methodHandles.cpp, line 1144]
Event: 25.067 Thread 0x000001efe6b97aa0 Exception <a 'sun/nio/fs/WindowsException'{0x00000000d5881eb8}> (0x00000000d5881eb8) 
thrown [s\src\hotspot\share\prims\jni.cpp, line 520]
Event: 27.138 Thread 0x000001efe6b97aa0 Exception <a 'sun/nio/fs/WindowsException'{0x00000000d5792590}> (0x00000000d5792590) 
thrown [s\src\hotspot\share\prims\jni.cpp, line 520]
Event: 27.138 Thread 0x000001efe6b97aa0 Exception <a 'sun/nio/fs/WindowsException'{0x00000000d5792ca0}> (0x00000000d5792ca0) 
thrown [s\src\hotspot\share\prims\jni.cpp, line 520]
Event: 30.749 Thread 0x000001efe6b98130 Implicit null exception at 0x000001efd43cabcb to 0x000001efd43cf068
Event: 34.360 Thread 0x000001efe6a1c2c0 Implicit null exception at 0x000001efd407de74 to 0x000001efd407e2c6
Event: 48.754 Thread 0x000001efe6b98130 Exception <a 'sun/nio/fs/WindowsException'{0x00000000d562d138}> (0x00000000d562d138) 
thrown [s\src\hotspot\share\prims\jni.cpp, line 520]
Event: 50.872 Thread 0x000001efe878d1b0 Exception <a 'sun/nio/fs/WindowsException'{0x00000000d55a2c68}> (0x00000000d55a2c68) 
thrown [s\src\hotspot\share\prims\jni.cpp, line 520]
Event: 50.872 Thread 0x000001efe878d1b0 Exception <a 'sun/nio/fs/WindowsException'{0x00000000d55a35e0}> (0x00000000d55a35e0) 
thrown [s\src\hotspot\share\prims\jni.cpp, line 520]
Event: 50.876 Thread 0x000001efe878d1b0 Exception <a 'sun/nio/fs/WindowsException'{0x00000000d55a7d78}> (0x00000000d55a7d78) 
thrown [s\src\hotspot\share\prims\jni.cpp, line 520]
Event: 50.876 Thread 0x000001efe878d1b0 Exception <a 'sun/nio/fs/WindowsException'{0x00000000d55a8488}> (0x00000000d55a8488) 
thrown [s\src\hotspot\share\prims\jni.cpp, line 520]
Event: 51.001 Thread 0x000001efe878d1b0 Exception <a 'sun/nio/fs/WindowsException'{0x00000000d57c1330}> (0x00000000d57c1330) 
thrown [s\src\hotspot\share\prims\jni.cpp, line 520]
Event: 51.002 Thread 0x000001efe878d1b0 Exception <a 'sun/nio/fs/WindowsException'{0x00000000d57c9030}> (0x00000000d57c9030) 
thrown [s\src\hotspot\share\prims\jni.cpp, line 520]
Event: 51.288 Thread 0x000001efe878d1b0 Exception <a 'java/lang/IncompatibleClassChangeError'{0x00000000d55846c0}: Found class java.lang.Object, but interface was expected> (0x00000000d55846c0) 
thrown [s\src\hotspot\share\interpreter\linkResolver.cpp, line 840]
Event: 52.081 Thread 0x000001efe878d1b0 Exception <a 'java/lang/IncompatibleClassChangeError'{0x00000000d5586db8}: Found class java.lang.Object, but interface was expected> (0x00000000d5586db8) 
thrown [s\src\hotspot\share\interpreter\linkResolver.cpp, line 840]
Event: 319.582 Thread 0x000001efe6b987c0 Implicit null exception at 0x000001efd44594ba to 0x000001efd445a494
Event: 319.587 Thread 0x000001efe6b987c0 Exception <a 'java/lang/NoSuchMethodError'{0x00000000d55e53a8}: 'java.lang.Object java.lang.invoke.DirectMethodHandle$Holder.newInvokeSpecial(java.lang.Object, java.lang.Object, java.lang.Object, java.lang.Object, java.lang.Object, java.lang.Object, java.lang.Object, java.lang.Object)'> (0x00000000d55e53a8) 
thrown [s\src\hotspot\share\interpreter\linkResolver.cpp, line 773]

ZGC Phase Switch (0 events):
No events

VM Operations (20 events):
Event: 4329.341 Executing VM operation: HandshakeAllThreads (HandshakeForDeflation)
Event: 4329.341 Executing VM operation: HandshakeAllThreads (HandshakeForDeflation) done
Event: 4329.341 Executing VM operation: RendezvousGCThreads
Event: 4329.341 Executing VM operation: RendezvousGCThreads done
Event: 4389.543 Executing VM operation: HandshakeAllThreads (HandshakeForDeflation)
Event: 4389.543 Executing VM operation: HandshakeAllThreads (HandshakeForDeflation) done
Event: 4389.543 Executing VM operation: RendezvousGCThreads
Event: 4389.543 Executing VM operation: RendezvousGCThreads done
Event: 4449.696 Executing VM operation: HandshakeAllThreads (HandshakeForDeflation)
Event: 4449.696 Executing VM operation: HandshakeAllThreads (HandshakeForDeflation) done
Event: 4449.696 Executing VM operation: RendezvousGCThreads
Event: 4449.696 Executing VM operation: RendezvousGCThreads done
Event: 4509.786 Executing VM operation: HandshakeAllThreads (HandshakeForDeflation)
Event: 4509.786 Executing VM operation: HandshakeAllThreads (HandshakeForDeflation) done
Event: 4509.787 Executing VM operation: RendezvousGCThreads
Event: 4509.787 Executing VM operation: RendezvousGCThreads done
Event: 4569.795 Executing VM operation: HandshakeAllThreads (HandshakeForDeflation)
Event: 4569.795 Executing VM operation: HandshakeAllThreads (HandshakeForDeflation) done
Event: 4569.796 Executing VM operation: RendezvousGCThreads
Event: 4569.796 Executing VM operation: RendezvousGCThreads done

Memory protections (0 events):
No events

Nmethod flushes (20 events):
Event: 15.410 Thread 0x000001efc6fd5f80 flushing  nmethod 0x000001efccae7f90
Event: 15.410 Thread 0x000001efc6fd5f80 flushing  nmethod 0x000001efccafb110
Event: 15.410 Thread 0x000001efc6fd5f80 flushing  nmethod 0x000001efccb1fb90
Event: 15.410 Thread 0x000001efc6fd5f80 flushing  nmethod 0x000001efccb42f10
Event: 15.410 Thread 0x000001efc6fd5f80 flushing  nmethod 0x000001efccb44410
Event: 15.410 Thread 0x000001efc6fd5f80 flushing  nmethod 0x000001efccb44d10
Event: 15.410 Thread 0x000001efc6fd5f80 flushing  nmethod 0x000001efccb45f10
Event: 15.410 Thread 0x000001efc6fd5f80 flushing  nmethod 0x000001efccb46b90
Event: 15.410 Thread 0x000001efc6fd5f80 flushing  nmethod 0x000001efccb48890
Event: 15.410 Thread 0x000001efc6fd5f80 flushing  nmethod 0x000001efccb49190
Event: 15.410 Thread 0x000001efc6fd5f80 flushing  nmethod 0x000001efccb49a10
Event: 15.410 Thread 0x000001efc6fd5f80 flushing  nmethod 0x000001efccb4b490
Event: 15.410 Thread 0x000001efc6fd5f80 flushing  nmethod 0x000001efccb4b990
Event: 15.410 Thread 0x000001efc6fd5f80 flushing  nmethod 0x000001efccb56f90
Event: 15.410 Thread 0x000001efc6fd5f80 flushing  nmethod 0x000001efccb98c10
Event: 15.410 Thread 0x000001efc6fd5f80 flushing  nmethod 0x000001efccb9a890
Event: 15.410 Thread 0x000001efc6fd5f80 flushing  nmethod 0x000001efccb9f190
Event: 15.410 Thread 0x000001efc6fd5f80 flushing  nmethod 0x000001efccba7310
Event: 15.410 Thread 0x000001efc6fd5f80 flushing  nmethod 0x000001efccbeeb10
Event: 15.410 Thread 0x000001efc6fd5f80 flushing  nmethod 0x000001efccc10990

Events (20 events):
Event: 84.621 Thread 0x000001efe6b88030 Thread exited: 0x000001efe6b88030
Event: 110.811 Thread 0x000001efe6b994e0 Thread exited: 0x000001efe6b994e0
Event: 110.821 Thread 0x000001efe6b97aa0 Thread exited: 0x000001efe6b97aa0
Event: 110.883 Thread 0x000001efe6b99b70 Thread exited: 0x000001efe6b99b70
Event: 111.766 Thread 0x000001efe6b97410 Thread exited: 0x000001efe6b97410
Event: 112.161 Thread 0x000001efe6b87310 Thread exited: 0x000001efe6b87310
Event: 172.167 Thread 0x000001efe6b8ae20 Thread exited: 0x000001efe6b8ae20
Event: 232.172 Thread 0x000001efe6b8b4b0 Thread exited: 0x000001efe6b8b4b0
Event: 292.175 Thread 0x000001efe6b8e930 Thread exited: 0x000001efe6b8e930
Event: 310.543 Thread 0x000001efe6b987c0 Thread added: 0x000001efe6b8cef0
Event: 310.547 Thread 0x000001efe6b9a890 Thread exited: 0x000001efe6b9a890
Event: 319.528 Thread 0x000001efe6b987c0 Thread added: 0x000001efe6b8a100
Event: 319.543 Thread 0x000001efe6b8a100 Thread exited: 0x000001efe6b8a100
Event: 320.323 Thread 0x000001efe6b8c860 Thread exited: 0x000001efe6b8c860
Event: 320.341 Thread 0x000001efe6b886c0 Thread exited: 0x000001efe6b886c0
Event: 323.717 Thread 0x000001efe6b8e2a0 Thread exited: 0x000001efe6b8e2a0
Event: 324.626 Thread 0x000001efe6b88d50 Thread exited: 0x000001efe6b88d50
Event: 324.627 Thread 0x000001efe6b8a790 Thread exited: 0x000001efe6b8a790
Event: 1930.329 Thread 0x000001efe878d1b0 Thread added: 0x000001efe6b8ae20
Event: 1990.342 Thread 0x000001efe6b8ae20 Thread exited: 0x000001efe6b8ae20


Dynamic libraries:
0x00007ff7844a0000 - 0x00007ff7844ae000 	c:\Users\HP\.vscode\extensions\redhat.java-1.45.0-win32-x64\jre\21.0.8-win32-x86_64\bin\java.exe
0x00007ffebd390000 - 0x00007ffebd588000 	C:\WINDOWS\SYSTEM32\ntdll.dll
0x00007ffebba70000 - 0x00007ffebbb32000 	C:\WINDOWS\System32\KERNEL32.DLL
0x00007ffebada0000 - 0x00007ffebb09e000 	C:\WINDOWS\System32\KERNELBASE.dll
0x00007ffebb200000 - 0x00007ffebb300000 	C:\WINDOWS\System32\ucrtbase.dll
0x00007ffe99dc0000 - 0x00007ffe99dd8000 	c:\Users\HP\.vscode\extensions\redhat.java-1.45.0-win32-x64\jre\21.0.8-win32-x86_64\bin\jli.dll
0x00007ffebbe40000 - 0x00007ffebbfdd000 	C:\WINDOWS\System32\USER32.dll
0x00007ffebabe0000 - 0x00007ffebac02000 	C:\WINDOWS\System32\win32u.dll
0x00007ffebcea0000 - 0x00007ffebcecb000 	C:\WINDOWS\System32\GDI32.dll
0x00007ffe921f0000 - 0x00007ffe9220e000 	c:\Users\HP\.vscode\extensions\redhat.java-1.45.0-win32-x64\jre\21.0.8-win32-x86_64\bin\VCRUNTIME140.dll
0x00007ffebac10000 - 0x00007ffebad27000 	C:\WINDOWS\System32\gdi32full.dll
0x00007ffebaac0000 - 0x00007ffebab5d000 	C:\WINDOWS\System32\msvcp_win.dll
0x00007ffea49f0000 - 0x00007ffea4c8a000 	C:\WINDOWS\WinSxS\amd64_microsoft.windows.common-controls_6595b64144ccf1df_6.0.19041.4355_none_60b8b9eb71f62e16\COMCTL32.dll
0x00007ffebb910000 - 0x00007ffebb9ae000 	C:\WINDOWS\System32\msvcrt.dll
0x00007ffebbb40000 - 0x00007ffebbb6f000 	C:\WINDOWS\System32\IMM32.DLL
0x00007ffea6d00000 - 0x00007ffea6d0c000 	c:\Users\HP\.vscode\extensions\redhat.java-1.45.0-win32-x64\jre\21.0.8-win32-x86_64\bin\vcruntime140_1.dll
0x00007ffe7a840000 - 0x00007ffe7a8cd000 	c:\Users\HP\.vscode\extensions\redhat.java-1.45.0-win32-x64\jre\21.0.8-win32-x86_64\bin\msvcp140.dll
0x00007ffe76d90000 - 0x00007ffe77b27000 	c:\Users\HP\.vscode\extensions\redhat.java-1.45.0-win32-x64\jre\21.0.8-win32-x86_64\bin\server\jvm.dll
0x00007ffebcef0000 - 0x00007ffebcfa2000 	C:\WINDOWS\System32\ADVAPI32.dll
0x00007ffebbfe0000 - 0x00007ffebc080000 	C:\WINDOWS\System32\sechost.dll
0x00007ffebc0a0000 - 0x00007ffebc1c3000 	C:\WINDOWS\System32\RPCRT4.dll
0x00007ffebabb0000 - 0x00007ffebabd7000 	C:\WINDOWS\System32\bcrypt.dll
0x00007ffebce30000 - 0x00007ffebce9b000 	C:\WINDOWS\System32\WS2_32.dll
0x00007ffeba890000 - 0x00007ffeba8db000 	C:\WINDOWS\SYSTEM32\POWRPROF.dll
0x00007ffea0ab0000 - 0x00007ffea0ad7000 	C:\WINDOWS\SYSTEM32\WINMM.dll
0x00007ffeaf6f0000 - 0x00007ffeaf6fa000 	C:\WINDOWS\SYSTEM32\VERSION.dll
0x00007ffeba870000 - 0x00007ffeba882000 	C:\WINDOWS\SYSTEM32\UMPDC.dll
0x00007ffeb9250000 - 0x00007ffeb9262000 	C:\WINDOWS\SYSTEM32\kernel.appcore.dll
0x00007ffea6ba0000 - 0x00007ffea6baa000 	c:\Users\HP\.vscode\extensions\redhat.java-1.45.0-win32-x64\jre\21.0.8-win32-x86_64\bin\jimage.dll
0x00007ffeb8f70000 - 0x00007ffeb9154000 	C:\WINDOWS\SYSTEM32\DBGHELP.DLL
0x00007ffe99de0000 - 0x00007ffe99e14000 	C:\WINDOWS\SYSTEM32\dbgcore.DLL
0x00007ffebaa30000 - 0x00007ffebaab2000 	C:\WINDOWS\System32\bcryptPrimitives.dll
0x00007ffea31d0000 - 0x00007ffea31df000 	c:\Users\HP\.vscode\extensions\redhat.java-1.45.0-win32-x64\jre\21.0.8-win32-x86_64\bin\instrument.dll
0x00007ffe8a4a0000 - 0x00007ffe8a4bf000 	c:\Users\HP\.vscode\extensions\redhat.java-1.45.0-win32-x64\jre\21.0.8-win32-x86_64\bin\java.dll
0x00007ffebc1d0000 - 0x00007ffebc93f000 	C:\WINDOWS\System32\SHELL32.dll
0x00007ffeb87c0000 - 0x00007ffeb8f64000 	C:\WINDOWS\SYSTEM32\windows.storage.dll
0x00007ffebc940000 - 0x00007ffebcc93000 	C:\WINDOWS\System32\combase.dll
0x00007ffeba3f0000 - 0x00007ffeba41e000 	C:\WINDOWS\SYSTEM32\Wldp.dll
0x00007ffebd200000 - 0x00007ffebd2cd000 	C:\WINDOWS\System32\OLEAUT32.dll
0x00007ffebd0f0000 - 0x00007ffebd19d000 	C:\WINDOWS\System32\SHCORE.dll
0x00007ffebba10000 - 0x00007ffebba65000 	C:\WINDOWS\System32\shlwapi.dll
0x00007ffeba960000 - 0x00007ffeba984000 	C:\WINDOWS\SYSTEM32\profapi.dll
0x00007ffe88140000 - 0x00007ffe88158000 	c:\Users\HP\.vscode\extensions\redhat.java-1.45.0-win32-x64\jre\21.0.8-win32-x86_64\bin\zip.dll
0x00007ffea69d0000 - 0x00007ffea69e0000 	C:\Users\HP\.vscode\extensions\redhat.java-1.45.0-win32-x64\jre\21.0.8-win32-x86_64\bin\net.dll
0x00007ffeaba30000 - 0x00007ffeabb3d000 	C:\WINDOWS\SYSTEM32\WINHTTP.dll
0x00007ffeba0f0000 - 0x00007ffeba15a000 	C:\WINDOWS\system32\mswsock.dll
0x00007ffe859a0000 - 0x00007ffe859b6000 	C:\Users\HP\.vscode\extensions\redhat.java-1.45.0-win32-x64\jre\21.0.8-win32-x86_64\bin\nio.dll
0x00007ffea29d0000 - 0x00007ffea29e0000 	c:\Users\HP\.vscode\extensions\redhat.java-1.45.0-win32-x64\jre\21.0.8-win32-x86_64\bin\verify.dll
0x00007ffe80860000 - 0x00007ffe808a4000 	C:\Users\HP\AppData\Roaming\Code\User\globalStorage\redhat.java\1.45.0\config_win\org.eclipse.equinox.launcher\org.eclipse.equinox.launcher.win32.win32.x86_64_1.2.1400.v20250801-0854\eclipse_11916.dll
0x00007ffebcfc0000 - 0x00007ffebd0eb000 	C:\WINDOWS\System32\ole32.dll
0x00007ffeba2f0000 - 0x00007ffeba308000 	C:\WINDOWS\SYSTEM32\CRYPTSP.dll
0x00007ffeb9a10000 - 0x00007ffeb9a44000 	C:\WINDOWS\system32\rsaenh.dll
0x00007ffeba8e0000 - 0x00007ffeba90e000 	C:\WINDOWS\SYSTEM32\USERENV.dll
0x00007ffeba2e0000 - 0x00007ffeba2ec000 	C:\WINDOWS\SYSTEM32\CRYPTBASE.dll
0x00007ffeb9dd0000 - 0x00007ffeb9e0b000 	C:\WINDOWS\SYSTEM32\IPHLPAPI.DLL
0x00007ffebced0000 - 0x00007ffebced8000 	C:\WINDOWS\System32\NSI.dll
0x00007ffe7cbc0000 - 0x00007ffe7cc09000 	C:\Users\HP\AppData\Local\Temp\jna-2312\jna4837136488945875280.dll
0x00007ffebcee0000 - 0x00007ffebcee8000 	C:\WINDOWS\System32\PSAPI.DLL
0x00007ffeaea60000 - 0x00007ffeaea77000 	C:\WINDOWS\SYSTEM32\dhcpcsvc6.DLL
0x00007ffeadfb0000 - 0x00007ffeadfcd000 	C:\WINDOWS\SYSTEM32\dhcpcsvc.DLL

JVMTI agents:
c:\Users\HP\.vscode\extensions\redhat.java-1.45.0-win32-x64\lombok\lombok-1.18.39-4050.jar path:c:\Users\HP\.vscode\extensions\redhat.java-1.45.0-win32-x64\jre\21.0.8-win32-x86_64\bin\instrument.dll, loaded, initialized, instrumentlib options:none

dbghelp: loaded successfully - version: 4.0.5 - missing functions: none
symbol engine: initialized successfully - sym options: 0x614 - pdb path: .;c:\Users\HP\.vscode\extensions\redhat.java-1.45.0-win32-x64\jre\21.0.8-win32-x86_64\bin;C:\WINDOWS\SYSTEM32;C:\WINDOWS\WinSxS\amd64_microsoft.windows.common-controls_6595b64144ccf1df_6.0.19041.4355_none_60b8b9eb71f62e16;c:\Users\HP\.vscode\extensions\redhat.java-1.45.0-win32-x64\jre\21.0.8-win32-x86_64\bin\server;C:\Users\HP\AppData\Roaming\Code\User\globalStorage\redhat.java\1.45.0\config_win\org.eclipse.equinox.launcher\org.eclipse.equinox.launcher.win32.win32.x86_64_1.2.1400.v20250801-0854;C:\Users\HP\AppData\Local\Temp\jna-2312

VM Arguments:
jvm_args: --add-modules=ALL-SYSTEM --add-opens=java.base/java.util=ALL-UNNAMED --add-opens=java.base/java.lang=ALL-UNNAMED --add-opens=java.base/sun.nio.fs=ALL-UNNAMED -Declipse.application=org.eclipse.jdt.ls.core.id1 -Dosgi.bundles.defaultStartLevel=4 -Declipse.product=org.eclipse.jdt.ls.core.product -Djava.import.generatesMetadataFilesAtProjectRoot=false -DDetectVMInstallationsJob.disabled=true -Dfile.encoding=utf8 -XX:+UseParallelGC -XX:GCTimeRatio=4 -XX:AdaptiveSizePolicyWeight=90 -Dsun.zip.disableMemoryMapping=true -Xmx2G -Xms100m -Xlog:disable -javaagent:c:\Users\HP\.vscode\extensions\redhat.java-1.45.0-win32-x64\lombok\lombok-1.18.39-4050.jar -XX:+HeapDumpOnOutOfMemoryError -XX:HeapDumpPath=c:\Users\HP\AppData\Roaming\Code\User\workspaceStorage\5141850592f272b8a8738f944c93e531\redhat.java -Daether.dependencyCollector.impl=bf 
java_command: c:\Users\HP\.vscode\extensions\redhat.java-1.45.0-win32-x64\server\plugins\org.eclipse.equinox.launcher_1.7.0.v20250519-0528.jar -configuration c:\Users\HP\AppData\Roaming\Code\User\globalStorage\redhat.java\1.45.0\config_win -data c:\Users\HP\AppData\Roaming\Code\User\workspaceStorage\5141850592f272b8a8738f944c93e531\redhat.java\jdt_ws --pipe=\\.\pipe\lsp-69d8d4eac6d5396d880454dd56dd8458-sock
java_class_path (initial): c:\Users\HP\.vscode\extensions\redhat.java-1.45.0-win32-x64\server\plugins\org.eclipse.equinox.launcher_1.7.0.v20250519-0528.jar
Launcher Type: SUN_STANDARD

[Global flags]
    uintx AdaptiveSizePolicyWeight                 = 90                                        {product} {command line}
     intx CICompilerCount                          = 4                                         {product} {ergonomic}
    uintx GCTimeRatio                              = 4                                         {product} {command line}
     bool HeapDumpOnOutOfMemoryError               = true                                   {manageable} {command line}
    ccstr HeapDumpPath                             = c:\Users\HP\AppData\Roaming\Code\User\workspaceStorage\5141850592f272b8a8738f944c93e531\redhat.java         {manageable} {command line}
   size_t InitialHeapSize                          = 104857600                                 {product} {command line}
   size_t MaxHeapSize                              = 2147483648                                {product} {command line}
   size_t MaxNewSize                               = 715653120                                 {product} {ergonomic}
   size_t MinHeapDeltaBytes                        = 524288                                    {product} {ergonomic}
   size_t MinHeapSize                              = 104857600                                 {product} {command line}
   size_t NewSize                                  = 34603008                                  {product} {ergonomic}
    uintx NonNMethodCodeHeapSize                   = 5839372                                {pd product} {ergonomic}
    uintx NonProfiledCodeHeapSize                  = 122909434                              {pd product} {ergonomic}
   size_t OldSize                                  = 70254592                                  {product} {ergonomic}
    uintx ProfiledCodeHeapSize                     = 122909434                              {pd product} {ergonomic}
    uintx ReservedCodeCacheSize                    = 251658240                              {pd product} {ergonomic}
     bool SegmentedCodeCache                       = true                                      {product} {ergonomic}
   size_t SoftMaxHeapSize                          = 2147483648                             {manageable} {ergonomic}
     bool UseCompressedOops                        = true                           {product lp64_product} {ergonomic}
     bool UseLargePagesIndividualAllocation        = false                                  {pd product} {ergonomic}
     bool UseParallelGC                            = true                                      {product} {command line}

Logging:
Log output configuration:
 #0: stdout all=off uptime,level,tags foldmultilines=false
 #1: stderr all=off uptime,level,tags foldmultilines=false

Environment Variables:
PATH=C:\Program Files\Eclipse Adoptium\jdk-21.0.7.6-hotspot\bin;C:\Program Files\Common Files\Oracle\Java\javapath;C:\Program Files (x86)\VMware\VMware Workstation\bin\;C:\WINDOWS\system32;C:\WINDOWS;C:\WINDOWS\System32\Wbem;C:\WINDOWS\System32\WindowsPowerShell\v1.0\;C:\WINDOWS\System32\OpenSSH\;C:\Program Files\nodejs\;C:\Program Files (x86)\Git\cmd;C:\Program Files (x86)\Microsoft Visual Studio\Common\Tools\WinNT;C:\Program Files (x86)\Microsoft Visual Studio\Common\MSDev98\Bin;C:\Program Files (x86)\Microsoft Visual Studio\Common\Tools;C:\Program Files (x86)\Microsoft Visual Studio\VC98\bin;C:\Users\HP\AppData\Local\Microsoft\WindowsApps;C:\Users\HP\AppData\Local\Programs\Microsoft VS Code\bin;C:\Users\HP\AppData\Local\Microsoft\WinGet\Packages\Schniz.fnm_Microsoft.Winget.Source_8wekyb3d8bbwe;C:\Users\HP\AppData\Roaming\npm;C:\flutter\bin;C:\Users\HP\AppData\Local\GitHubDesktop\bin
USERNAME=HP
OS=Windows_NT
PROCESSOR_IDENTIFIER=Intel64 Family 6 Model 142 Stepping 10, GenuineIntel
TMP=C:\Users\HP\AppData\Local\Temp
TEMP=C:\Users\HP\AppData\Local\Temp




Periodic native trim disabled

---------------  S Y S T E M  ---------------

OS:
 Windows 10 , 64 bit Build 19041 (10.0.19041.4957)
OS uptime: 5 days 20:20 hours

CPU: total 8 (initial active 8) (4 cores per cpu, 2 threads per core) family 6 model 142 stepping 10 microcode 0xf6, cx8, cmov, fxsr, ht, mmx, 3dnowpref, sse, sse2, sse3, ssse3, sse4.1, sse4.2, popcnt, lzcnt, tsc, tscinvbit, avx, avx2, aes, erms, clmul, bmi1, bmi2, rtm, adx, fma, vzeroupper, clflush, clflushopt, rdtscp, f16c
Processor Information for processor 0
  Max Mhz: 1896, Current Mhz: 1696, Mhz Limit: 1687
Processor Information for processor 1
  Max Mhz: 1896, Current Mhz: 1496, Mhz Limit: 1687
Processor Information for processor 2
  Max Mhz: 1896, Current Mhz: 1696, Mhz Limit: 1687
Processor Information for processor 3
  Max Mhz: 1896, Current Mhz: 1496, Mhz Limit: 1687
Processor Information for processor 4
  Max Mhz: 1896, Current Mhz: 1496, Mhz Limit: 1687
Processor Information for processor 5
  Max Mhz: 1896, Current Mhz: 1696, Mhz Limit: 1687
Processor Information for processor 6
  Max Mhz: 1896, Current Mhz: 1696, Mhz Limit: 1687
Processor Information for processor 7
  Max Mhz: 1896, Current Mhz: 1496, Mhz Limit: 1687

Memory: 4k page, system-wide physical 8035M (1577M free)
TotalPageFile size 13716M (AvailPageFile size 2M)
current process WorkingSet (physical memory assigned to process): 89M, peak: 514M
current process commit charge ("private bytes"): 659M, peak: 673M

vm_info: OpenJDK 64-Bit Server VM (21.0.8+9-LTS) for windows-amd64 JRE (21.0.8+9-LTS), built on 2025-07-15T00:00:00Z by "admin" with MS VC++ 17.7 (VS2022)

END.
